<?xml version="1.0" encoding="UTF-8"?>
<!-- Generated by org.testng.reporters.JUnitReportReporter -->
<testsuite name="dropDown.Drop_08_25_17" tests="1" time="10.628" ignored="0" failures="0" timestamp="21 Oct 2017 00:38:12 GMT" skipped="0" hostname="LAPTOP-MGD3483O" errors="0">
  <testcase name="mortgage" time="10.628" classname="dropDown.Drop_08_25_17"/>
</testsuite> <!-- dropDown.Drop_08_25_17 -->
